* 0c00bba : Revert "Revert "Merge branch 'Master' of https://github.com/pknaus3/KurzCademy.com into Master""
* 0326821 : Revert "Merge branch 'Master' of https://github.com/pknaus3/KurzCademy.com into Master"
*   0b6edec : Merge branch 'Master' of https://github.com/pknaus3/KurzCademy.com into Master
|\  
| * ce6682a : Btn to btn for create course
| * 69f2ed9 : Fix??
| * 98f6194 : register fix
| * 9e73614 : register/login form on sing page, repaired courses page
* | b134f8a : update
|/  
* 22924d9 : Hlavna stranka
* 0b3fe18 : Hlavna stranka
* a1172fb : hlavna stranka
*   0b1946d : Merge branch 'Master' of https://github.com/pknaus3/KurzCademy.com into Master
|\  
| * 8abbca8 : Relations
* | ece5d46 : hlavna stranka
|/  
* 775b7cd : New FE components
* cdb5486 : Frontend User steps, course teacher name
*   1076a62 : Merge branch 'Master' of https://github.com/pknaus3/KurzCademy.com into Master
|\  
| * 6708d67 : Removed shadow from step
| * 73387a8 : Changed partial names to work with case sensitive system
* | aecfb42 : Patch
|/  
* be559f0 : Removed php platform emulation
* 6902323 : Added homework component to step view
* 335bf61 : Homework component complete
* 9d92886 : Fix DB migration
* 514c582 : Added comments to all plugin files
* 810987f : Renamed plugin files
* 59925f6 : Čiastočne funkčný komponent
* 64f1ad2 : Create test plugin, create new component, delete kurzcademy plugin
* 9c3bcd4 : Fixed frontend with new backend
* 7729a84 : course_name -> course_id backend
* 8fb9f5d : Psycho OCD
*   6b37685 : Merge branch 'Master' of https://github.com/pknaus3/KurzCademy.com into Master
|\  
| * f83542a : Step content viewer
| * 1cd46f5 : Basic step viewing
* | 8edba90 : course_name -> course_id
|/  
* 00f332a : Course viewer start
* d310caa : Frontend courses page fixed
* f2490ce : Composer update
* db56d35 : Opravena moja sprostost
* 53e55b0 : Creative Orange Gravatar config
* d9f8a68 : Added Gravatar
* 26cbf87 : Added Gravatar
* eb7c146 : Priradenie usera k kurzu, odstranenie gravatar
* debc02f : Vypis vsetkych kurzov v kroku
* 597ef3d : Vytvorenie kroku v kurze
* b348f95 : Spojenie pluginov do jedneho, vytvorenie tabulky pre kurzy, spojenie tabulky kurz a krok v kurze, zmenenie linkov v layoute na možnosť práce v offline (Stiahnuté javascripty a css do assetov, okrem bootstrap), vytvorenie možnosť vytvoriť kurz v backende, vytvorenie kroku v backende (Bez priradenia kroku k kurzu)
* f36d4c5 : Expand menu for user
* 33109ce : Update CreateCourse.php
* c0675aa : Update Header.htm
* ff6f190 : Changing course name
* cd7bcda : Better editor style
* 1a2f2fc : Deleting and moving steps
* ffee649 : Switching steps
* 4c767a9 : Creating and editing steps
* fed50a3 : Editor layout
* e08b8e1 : Dark button
* 5718794 : Correctly showing courses and course page
* e3737a7 : Better course creation
* 4d70b53 : Table for kurz steps
* b8981af : Aded h3 to form
* 486e377 : Create course complete with Model, added bootstrap class
* 0b0216a : Create Course Complete!!!!!! without thumbs, thumbs only backend
* 88a0c53 : Create form, create function for create course, Dočastne nefunguje
* 518954d : Activate component, set up component, create form for component
*   15c6ed1 : Merge branch 'Master' of https://github.com/pknaus3/KurzCademy.com into Master
|\  
| * 7e77a37 : Account panel is now popup
| * 0ea9d93 : Rezponzívnejšie popup
| *   ba569ac : Merge branch 'Master' of https://github.com/pknaus3/KurzCademy.com into Master
| |\  
| | * 152758e : Zatvaranie popupu s esc alebo kliknutim na parent
| * | 2a66214 : course
| |/  
* | 2a1b93d : Component
|/  
*   07250dc : Merge branch 'Master' of https://github.com/pknaus3/KurzCademy.com into Master
|\  
| * 2fb7a5c : Karty pre kurzy
* |   ee92a79 : Merge branch 'Master' of https://github.com/pknaus3/KurzCademy.com into Master
|\ \  
| |/  
| * 5ac4586 : Dáta kurzov v Javascripte
* | 251d773 : Update kurzy.htm
|/  
* e59389a : Edit login/register
* 3bc2f50 : Update version.yaml
* 59f843e : Plugin Version Update
*   31000b6 : Merge branch 'Master' of https://github.com/pknaus3/KurzCademy.com into Master
|\  
| * 7d61493 : Deleted lines
* | 30e6000 : Defaultny app key v configu
|/  
* 63f54a0 : Mato rework
* ee10890 : Plugins😂😂😂
*   96b3ce4 : Merge branch 'Master' of https://github.com/pknaus3/KurzCademy.com into Master
|\  
| * 92c3073 : Fixed merge
| * fdb60f2 : Create master.css
| *   303779e : Merge branch 'Master' of https://github.com/pknaus3/KurzCademy.com into Master
| |\  
| * | bb83a6a : Style
| * | c790d5d : Edit Login and Register page
| * | c61bfb3 : Save before sleep
* | | e3e6b0e : Plugin update
| |/  
|/|   
* |   8a1dd44 : Merge branch 'Master' of https://github.com/pknaus3/KurzCademy.com into Master
|\ \  
| * | da869e4 : Added error reporting for registration
| * |   88c9e73 : Merge branch 'Master' of https://github.com/pknaus3/KurzCademy.com into Master
| |\ \  
| * | | a53f534 : Custom error reporting for user errors
* | | | fb6c137 : Model edited
| |/ /  
|/| |   
* | | 2741cab : new and edited plugin
|/ /  
* |   41d4084 : Merge branch 'Master' of https://github.com/pknaus3/KurzCademy.com into Master
|\ \  
| * \   cfd8b4e : Merge branch 'Master' of https://github.com/pknaus3/KurzCademy.com into Master
| |\ \  
| * | | ab887b8 : created plugin
* | | | 7f441f9 : Vec pre testovanie študenta
| |/ /  
|/| |   
* | | b89a5af : Nezobrazovať link na moje kurzy ak používatel neni prihlásený
|/ /  
* | d97c935 : Nic
* |   a1a204c : Merge pull request #18 from pknaus3/composer-project-rework
|\ \  
| * | e6ab618 : Fixed scrolling issue with popup window
| * | 227f141 : Added vscode files to gitignore
| * |   00fa4b5 : Merge branch 'composer-project-rework' of https://github.com/pknaus3/KurzCademy.com into composer-project-rework
| |\ \  
| | * | 5c9891b : Improved popup visuals
| | * | 3139a76 : Login and register popups redirect parent
| | * | b384d5a : Popup window cancel button
| | * | 5b2ac40 : Login and register buttons opening popup window
| * | | 83a8e19 : Deleted 2 sections
| |/ /  
| * | 0642883 : Popup window function
| * | 3754af8 : users - login, register, account
| * | 478f365 : Fess Icon plugin
| * | f8c2e9e : Vymazane pluginy
| * | f7068c1 : Uploaded plugins
| * | 18bd76b : Added theme
| * | 5f940f1 : Install October
| * | 82ed21e : Removed october files
| * | acbd867 : Installed october
| * | 324c655 : Added .vs to gitignore
| * | 1b4c918 : Reworked project
* | | 192c9bf : Create FUNDING.yml
|/ /  
* |   449a072 : Merge pull request #6 from pknaus3/master
|\ \  
| |/  
| * f828318 : Velky update precitaj si v "Postup.txt"
* |   8af0cf6 : Merge pull request #5 from pknaus3/master
|\ \  
| |/  
| * c28fb6b : Nothing
* |   2ba55fb : Merge pull request #4 from pknaus3/master
|\ \  
| |/  
| * d9d6624 : Create my kurz section
* |   32c2e47 : Merge pull request #3 from pknaus3/master
|\ \  
| |/  
| * 6be6671 : Added comments
| * bf65219 : Edited comments
* |   9b76496 : Merge pull request #2 from pknaus3/master
|\ \  
| |/  
| * 1308892 : updated postup
| * 1c854d2 : Created "Postup.txt"
| * 78000fa : Added some comments
| * f8aef94 : Edit wrong path on Link
| * 7eab2d8 : Footer and "Kurzy"
| * d88b595 : Created link for owned kurz and edited footer
| * 7c254d8 : Added and Renamed Forms for kurz.
* |   552133f : Merge pull request #1 from pknaus3/master
|\ \  
| |/  
| * faacd3d : Added comments
| * 6ca6f96 : too much for description
| * 48d6074 : Vytvorený náhľad pre kurzy
| * 435ab4f : Update
| * fd7c54f : update
| * 6475e40 : update
| * 1f695c6 : update
| * 2d9de25 : update
| * 4034862 : update
| * 5bbb8cc : update
| * e204bc3 : update
|/  
* d7f68ee : Revert "Revert "Added new files to gitignore""
* f3315fc : update
* 1f504ad : Update
* f2d1746 : update
* bd4d5ab : Update
* 136ebc7 : Update
* a18ded1 : Update
* 07f5a2e : Update
* f398873 : Update Default.htm
* 18bf764 : update
* 80b9d97 : Revert "Added new files to gitignore"
*   d577286 : Merge branch 'Master' of https://github.com/pknaus3/KurzCademy.com into Master
|\  
| * cae3f95 : Added new files to gitignore
| * 72cc9bf : Delete laravel.yml
| * 57b4570 : ok
* | 6b0f3d5 : Added Logo
|/  
* 4ef265c : Installed OctoberCMS
* 80173ef : Initial commit